Determining if the pthread_create exist failed with the following output:
Change Dir: /home/robond/workspace/Project3/Where_Am_I/catkin_ws/build/CMakeFiles/CMakeTmp

Run Build Command:"/usr/bin/make" "cmTC_f09ba/fast"
/usr/bin/make -f CMakeFiles/cmTC_f09ba.dir/build.make CMakeFiles/cmTC_f09ba.dir/build
make[1]: Entering directory '/home/robond/workspace/Project3/Where_Am_I/catkin_ws/build/CMakeFiles/CMakeTmp'
Building C object CMakeFiles/cmTC_f09ba.dir/CheckSymbolExists.c.o
/usr/bin/cc     -o CMakeFiles/cmTC_f09ba.dir/CheckSymbolExists.c.o   -c /home/robond/workspace/Project3/Where_Am_I/catkin_ws/build/CMakeFiles/CMakeTmp/CheckSymbolExists.c
Linking C executable cmTC_f09ba
/usr/bin/cmake -E cmake_link_script CMakeFiles/cmTC_f09ba.dir/link.txt --verbose=1
/usr/bin/cc       CMakeFiles/cmTC_f09ba.dir/CheckSymbolExists.c.o  -o cmTC_f09ba -rdynamic 
CMakeFiles/cmTC_f09ba.dir/CheckSymbolExists.c.o: In function `main':
CheckSymbolExists.c:(.text+0x16): undefined reference to `pthread_create'
collect2: error: ld returned 1 exit status
CMakeFiles/cmTC_f09ba.dir/build.make:97: recipe for target 'cmTC_f09ba' failed
make[1]: *** [cmTC_f09ba] Error 1
make[1]: Leaving directory '/home/robond/workspace/Project3/Where_Am_I/catkin_ws/build/CMakeFiles/CMakeTmp'
Makefile:126: recipe for target 'cmTC_f09ba/fast' failed
make: *** [cmTC_f09ba/fast] Error 2

File /home/robond/workspace/Project3/Where_Am_I/catkin_ws/build/CMakeFiles/CMakeTmp/CheckSymbolExists.c:
/* */
#include <pthread.h>

int main(int argc, char** argv)
{
  (void)argv;
#ifndef pthread_create
  return ((int*)(&pthread_create))[argc];
#else
  (void)argc;
  return 0;
#endif
}

Determining if the function pthread_create exists in the pthreads failed with the following output:
Change Dir: /home/robond/workspace/Project3/Where_Am_I/catkin_ws/build/CMakeFiles/CMakeTmp

Run Build Command:"/usr/bin/make" "cmTC_718e4/fast"
/usr/bin/make -f CMakeFiles/cmTC_718e4.dir/build.make CMakeFiles/cmTC_718e4.dir/build
make[1]: Entering directory '/home/robond/workspace/Project3/Where_Am_I/catkin_ws/build/CMakeFiles/CMakeTmp'
Building C object CMakeFiles/cmTC_718e4.dir/CheckFunctionExists.c.o
/usr/bin/cc    -DCHECK_FUNCTION_EXISTS=pthread_create   -o CMakeFiles/cmTC_718e4.dir/CheckFunctionExists.c.o   -c /usr/share/cmake-3.5/Modules/CheckFunctionExists.c
Linking C executable cmTC_718e4
/usr/bin/cmake -E cmake_link_script CMakeFiles/cmTC_718e4.dir/link.txt --verbose=1
/usr/bin/cc   -DCHECK_FUNCTION_EXISTS=pthread_create    CMakeFiles/cmTC_718e4.dir/CheckFunctionExists.c.o  -o cmTC_718e4 -rdynamic -lpthreads 
/usr/bin/ld: cannot find -lpthreads
collect2: error: ld returned 1 exit status
CMakeFiles/cmTC_718e4.dir/build.make:97: recipe for target 'cmTC_718e4' failed
make[1]: *** [cmTC_718e4] Error 1
make[1]: Leaving directory '/home/robond/workspace/Project3/Where_Am_I/catkin_ws/build/CMakeFiles/CMakeTmp'
Makefile:126: recipe for target 'cmTC_718e4/fast' failed
make: *** [cmTC_718e4/fast] Error 2


